<?xml version="1.0" encoding="UTF-8"?>
<!-- Generated by org.testng.reporters.JUnitReportReporter -->
<testsuite hostname="LAPTOP-8HHI6N5M" failures="0" tests="1" name="IBM.Assignment4.AssignmentTC" time="42.018" errors="0" timestamp="2022-05-17T18:01:41 CEST" skipped="0">
  <testcase classname="IBM.Assignment4.AssignmentTC" name="scenario1" time="42.018"/>
  <system-out/>
</testsuite> <!-- IBM.Assignment4.AssignmentTC -->
